::1 - - [02/Sep/2018:05:09:09 +0000] "GET /api/auth/google HTTP/1.1" 302 0 "-" "Mozilla/5.0 (X11; Linux x86_64) AppleWebKit/537.36 (KHTML, like Gecko) Chrome/68.0.3440.106 Safari/537.36"
::1 - - [02/Sep/2018:05:09:12 +0000] "GET /api/auth/google/login/callback?code=4/TgC3K8r7zjik8EIusFLtsrfnsaNGn0C6jd8FqWMVUtA2LnmEo19aP_TpdvAT32OzjlN3awj1KZZ_WgBr9DX4Rww HTTP/1.1" 302 52 "-" "Mozilla/5.0 (X11; Linux x86_64) AppleWebKit/537.36 (KHTML, like Gecko) Chrome/68.0.3440.106 Safari/537.36"
::1 - - [02/Sep/2018:05:09:12 +0000] "GET /api HTTP/1.1" 200 26 "-" "Mozilla/5.0 (X11; Linux x86_64) AppleWebKit/537.36 (KHTML, like Gecko) Chrome/68.0.3440.106 Safari/537.36"
::1 - - [02/Sep/2018:05:13:29 +0000] "GET /api/auth/google HTTP/1.1" 302 0 "-" "Mozilla/5.0 (X11; Linux x86_64) AppleWebKit/537.36 (KHTML, like Gecko) Chrome/68.0.3440.106 Safari/537.36"
::1 - - [02/Sep/2018:05:14:00 +0000] "GET /api/auth/google/login/callback?code=4/TgB1RVHnDbZZ__fMXETbEOJrbITZDIbR7CkSWn3iE-RbxkBEVryuJO0M9NIJxovqpPF35JBuPo33JMcs9E9GRJg HTTP/1.1" - - "-" "Mozilla/5.0 (X11; Linux x86_64) AppleWebKit/537.36 (KHTML, like Gecko) Chrome/68.0.3440.106 Safari/537.36"
::1 - - [02/Sep/2018:05:14:00 +0000] "GET /api/auth/google HTTP/1.1" 302 0 "-" "Mozilla/5.0 (X11; Linux x86_64) AppleWebKit/537.36 (KHTML, like Gecko) Chrome/68.0.3440.106 Safari/537.36"
::1 - - [02/Sep/2018:05:18:31 +0000] "GET /api/auth/google/login/callback?code=4/TgDBFHyeJnfXBh879tbNmOBMlxKTIpsU11B1Li_g4uz1Ck-sfcqlPw34FPl-ABE0QPa58B6RxbItGPY5sNeQ5Ms HTTP/1.1" - - "-" "Mozilla/5.0 (X11; Linux x86_64) AppleWebKit/537.36 (KHTML, like Gecko) Chrome/68.0.3440.106 Safari/537.36"
::1 - - [02/Sep/2018:05:18:31 +0000] "GET /api/auth/google HTTP/1.1" 302 0 "-" "Mozilla/5.0 (X11; Linux x86_64) AppleWebKit/537.36 (KHTML, like Gecko) Chrome/68.0.3440.106 Safari/537.36"
::1 - - [02/Sep/2018:05:18:45 +0000] "GET /api/auth/google HTTP/1.1" 302 0 "-" "Mozilla/5.0 (X11; Linux x86_64) AppleWebKit/537.36 (KHTML, like Gecko) Chrome/68.0.3440.106 Safari/537.36"
::1 - - [02/Sep/2018:05:19:00 +0000] "GET /api HTTP/1.1" 304 - "-" "Mozilla/5.0 (X11; Linux x86_64) AppleWebKit/537.36 (KHTML, like Gecko) Chrome/68.0.3440.106 Safari/537.36"
::1 - - [02/Sep/2018:05:19:04 +0000] "GET /api/auth/google HTTP/1.1" 302 0 "-" "Mozilla/5.0 (X11; Linux x86_64) AppleWebKit/537.36 (KHTML, like Gecko) Chrome/68.0.3440.106 Safari/537.36"
::1 - - [02/Sep/2018:05:19:31 +0000] "GET /api/auth/google/login/callback?code=4/TgAsXig9UnjSBqYmmexZZti_Iie6atQ12c6-FOP8MwJkRxHvFJrO7L0T7f8LJxFaAzqBu4g8jBcerW42t9prAvM HTTP/1.1" 500 96 "-" "Mozilla/5.0 (X11; Linux x86_64) AppleWebKit/537.36 (KHTML, like Gecko) Chrome/68.0.3440.106 Safari/537.36"
::1 - - [02/Sep/2018:05:19:45 +0000] "GET /api/auth/google HTTP/1.1" 302 0 "-" "Mozilla/5.0 (X11; Linux x86_64) AppleWebKit/537.36 (KHTML, like Gecko) Chrome/68.0.3440.106 Safari/537.36"
::1 - - [02/Sep/2018:05:20:19 +0000] "GET /api/auth/google/login/callback?code=4/TgDw88KTC6x3SQOZTnapEQCG0Dw5VMwsuscIYikWUOLmsPx5RwXXPsgq3sLK9Xnw5yaKFayzl69iH7rnLDaeV9k HTTP/1.1" 302 52 "-" "Mozilla/5.0 (X11; Linux x86_64) AppleWebKit/537.36 (KHTML, like Gecko) Chrome/68.0.3440.106 Safari/537.36"
::1 - - [02/Sep/2018:05:20:19 +0000] "GET /api HTTP/1.1" 304 - "-" "Mozilla/5.0 (X11; Linux x86_64) AppleWebKit/537.36 (KHTML, like Gecko) Chrome/68.0.3440.106 Safari/537.36"
::1 - - [02/Sep/2018:05:22:54 +0000] "GET /api/auth/google HTTP/1.1" 302 0 "-" "Mozilla/5.0 (X11; Linux x86_64) AppleWebKit/537.36 (KHTML, like Gecko) Chrome/68.0.3440.106 Safari/537.36"
::1 - - [03/Sep/2018:04:05:38 +0000] "GET /api/auth/google/login/callback?code=4/TgBFp6AKCb3pwyoQeUNVPG1wFELgkqWDDZL_RAimpvlaXD-qHiEzmSPsnxUvRhOAxIXAAVwMIvol3Qebp0RQfkQ HTTP/1.1" 500 81 "-" "Mozilla/5.0 (X11; Linux x86_64) AppleWebKit/537.36 (KHTML, like Gecko) Chrome/68.0.3440.106 Safari/537.36"
::1 - - [03/Sep/2018:04:05:42 +0000] "GET /api/auth HTTP/1.1" 404 105 "-" "Mozilla/5.0 (X11; Linux x86_64) AppleWebKit/537.36 (KHTML, like Gecko) Chrome/68.0.3440.106 Safari/537.36"
::1 - - [03/Sep/2018:04:06:43 +0000] "GET /api/auth HTTP/1.1" 404 105 "-" "Mozilla/5.0 (X11; Linux x86_64) AppleWebKit/537.36 (KHTML, like Gecko) Chrome/68.0.3440.106 Safari/537.36"
::1 - - [03/Sep/2018:04:06:52 +0000] "GET /api/auth/google HTTP/1.1" 302 0 "-" "Mozilla/5.0 (X11; Linux x86_64) AppleWebKit/537.36 (KHTML, like Gecko) Chrome/68.0.3440.106 Safari/537.36"
::1 - - [03/Sep/2018:04:09:06 +0000] "GET /api/auth/google/login/callback?code=4/TwDnO_KxBkK9cBk5rbuw6adN730yUfn3YcLaWZsagDoqROw9gLVbDItv16fQdMi-Wtgnxa1-DT0ocfSyf1PcP1Q HTTP/1.1" - - "-" "Mozilla/5.0 (X11; Linux x86_64) AppleWebKit/537.36 (KHTML, like Gecko) Chrome/68.0.3440.106 Safari/537.36"
::1 - - [03/Sep/2018:04:10:33 +0000] "GET /api/auth/google HTTP/1.1" 302 0 "-" "Mozilla/5.0 (X11; Linux x86_64) AppleWebKit/537.36 (KHTML, like Gecko) Chrome/68.0.3440.106 Safari/537.36"
::1 - - [03/Sep/2018:04:12:57 +0000] "GET /api/auth/google HTTP/1.1" 302 0 "-" "Mozilla/5.0 (X11; Linux x86_64) AppleWebKit/537.36 (KHTML, like Gecko) Chrome/68.0.3440.106 Safari/537.36"
::1 - - [03/Sep/2018:04:13:24 +0000] "GET /api/auth/google/login/callback?code=4/TwC7KdwYlgEhcA3m2b5iXPeX1fo_aSROp1DCFERX2l0pMdcAjmIQcZAbKSI4ZvrEIP4XWznKPn11AuivNgxlQ3o HTTP/1.1" 302 68 "-" "Mozilla/5.0 (X11; Linux x86_64) AppleWebKit/537.36 (KHTML, like Gecko) Chrome/68.0.3440.106 Safari/537.36"
::1 - - [03/Sep/2018:04:13:25 +0000] "GET /falhagoogle HTTP/1.1" 404 105 "-" "Mozilla/5.0 (X11; Linux x86_64) AppleWebKit/537.36 (KHTML, like Gecko) Chrome/68.0.3440.106 Safari/537.36"
::1 - - [03/Sep/2018:04:16:52 +0000] "GET /api/auth/google HTTP/1.1" 302 0 "-" "Mozilla/5.0 (X11; Linux x86_64) AppleWebKit/537.36 (KHTML, like Gecko) Chrome/68.0.3440.106 Safari/537.36"
::1 - - [03/Sep/2018:04:26:02 +0000] "GET /api/auth/google/login/callback?code=4/TwCrwTY8xOb6M9HT7hE9vzL-vbbNFUJqM9Cj9hTFNCykOniqvm6zbc39E6HMEpWFduy9o7h_EY5NBa4xmaOPH3A HTTP/1.1" 500 96 "-" "Mozilla/5.0 (X11; Linux x86_64) AppleWebKit/537.36 (KHTML, like Gecko) Chrome/68.0.3440.106 Safari/537.36"
::1 - - [03/Sep/2018:04:27:50 +0000] "GET /api/auth/google HTTP/1.1" 302 0 "-" "Mozilla/5.0 (X11; Linux x86_64) AppleWebKit/537.36 (KHTML, like Gecko) Chrome/68.0.3440.106 Safari/537.36"
::1 - - [03/Sep/2018:04:28:51 +0000] "GET /api/auth/google/login/callback?code=4/TwCru2qnDFHPgp0mUgKtgnRZoZoXwHuOM7G1ZDbWxDhzf7VSxY5wwsGzAGxd4TDd7damRylKfrSRf3Gpty13JmU HTTP/1.1" 302 52 "-" "Mozilla/5.0 (X11; Linux x86_64) AppleWebKit/537.36 (KHTML, like Gecko) Chrome/68.0.3440.106 Safari/537.36"
::1 - - [03/Sep/2018:04:28:51 +0000] "GET /api HTTP/1.1" 304 - "-" "Mozilla/5.0 (X11; Linux x86_64) AppleWebKit/537.36 (KHTML, like Gecko) Chrome/68.0.3440.106 Safari/537.36"
::1 - - [03/Sep/2018:04:34:44 +0000] "PUT /api/usuario HTTP/1.1" 200 7 "-" "PostmanRuntime/7.2.0"
::1 - - [03/Sep/2018:04:36:20 +0000] "PUT /api/usuario HTTP/1.1" 400 130 "-" "PostmanRuntime/7.2.0"
::1 - - [03/Sep/2018:04:37:46 +0000] "PUT /api/usuario HTTP/1.1" 200 7 "-" "PostmanRuntime/7.2.0"
::1 - - [03/Sep/2018:04:49:08 +0000] "PUT /api/usuario HTTP/1.1" 200 7 "-" "PostmanRuntime/7.2.0"
::1 - - [03/Sep/2018:04:59:19 +0000] "PUT /api/usuario HTTP/1.1" 500 149 "-" "PostmanRuntime/7.2.0"
::1 - - [03/Sep/2018:05:01:59 +0000] "PUT /api/usuario HTTP/1.1" 200 7 "-" "PostmanRuntime/7.2.0"
::1 - - [03/Sep/2018:05:02:56 +0000] "GET /api/auth/google HTTP/1.1" 302 0 "-" "Mozilla/5.0 (X11; Linux x86_64) AppleWebKit/537.36 (KHTML, like Gecko) Chrome/68.0.3440.106 Safari/537.36"
::1 - - [03/Sep/2018:05:03:11 +0000] "GET /api/auth/google/login/callback?code=4/TwCVx2JiA2AW6VecUFajcYeh4p64rvxlte9JYTaJPsrdtH55J634aKJ8dB-TAPTXCybKfOpTSEq3EgMBnvaRYJc HTTP/1.1" 500 2 "-" "Mozilla/5.0 (X11; Linux x86_64) AppleWebKit/537.36 (KHTML, like Gecko) Chrome/68.0.3440.106 Safari/537.36"
::1 - - [03/Sep/2018:05:13:25 +0000] "PUT /api/usuario HTTP/1.1" 200 7 "-" "PostmanRuntime/7.2.0"
::1 - - [03/Sep/2018:05:14:03 +0000] "GET /api/auth/google HTTP/1.1" 302 0 "-" "Mozilla/5.0 (X11; Linux x86_64) AppleWebKit/537.36 (KHTML, like Gecko) Chrome/68.0.3440.106 Safari/537.36"
::1 - - [03/Sep/2018:05:15:04 +0000] "GET /api/auth/google/login/callback?code=4/TwDBIBklSxGYxL1ccDpMLhpATg1dyjI8FaYiIbdQlRVEt-WpLGJwCAUCoW_eahcO-LYngzVTY6XOmyV-vg2OFZs HTTP/1.1" 500 96 "-" "Mozilla/5.0 (X11; Linux x86_64) AppleWebKit/537.36 (KHTML, like Gecko) Chrome/68.0.3440.106 Safari/537.36"
::1 - - [03/Sep/2018:05:15:21 +0000] "GET /api/auth/google HTTP/1.1" 302 0 "-" "Mozilla/5.0 (X11; Linux x86_64) AppleWebKit/537.36 (KHTML, like Gecko) Chrome/68.0.3440.106 Safari/537.36"
::1 - - [03/Sep/2018:05:53:36 +0000] "GET /api/auth/google HTTP/1.1" 302 0 "-" "Mozilla/5.0 (X11; Linux x86_64) AppleWebKit/537.36 (KHTML, like Gecko) Chrome/68.0.3440.106 Safari/537.36"
::1 - - [03/Sep/2018:05:57:44 +0000] "GET /api/auth/google HTTP/1.1" 302 0 "-" "Mozilla/5.0 (X11; Linux x86_64) AppleWebKit/537.36 (KHTML, like Gecko) Chrome/68.0.3440.106 Safari/537.36"
::1 - - [03/Sep/2018:05:59:57 +0000] "GET /api/auth/google HTTP/1.1" 302 0 "-" "Mozilla/5.0 (X11; Linux x86_64) AppleWebKit/537.36 (KHTML, like Gecko) Chrome/68.0.3440.106 Safari/537.36"
::1 - - [03/Sep/2018:06:02:18 +0000] "GET /api/auth/google HTTP/1.1" 302 0 "-" "Mozilla/5.0 (X11; Linux x86_64) AppleWebKit/537.36 (KHTML, like Gecko) Chrome/68.0.3440.106 Safari/537.36"
::1 - - [03/Sep/2018:06:07:49 +0000] "GET /api/auth/google HTTP/1.1" 302 0 "-" "Mozilla/5.0 (X11; Linux x86_64) AppleWebKit/537.36 (KHTML, like Gecko) Chrome/68.0.3440.106 Safari/537.36"
::1 - - [03/Sep/2018:06:08:02 +0000] "GET /api/auth/google/login/callback?code=4/TwC_2TyNijCfOsUbryufS_C2sJGBdG2SWRz1sdiL_jwQaUc4xmwEnAVGFyF1ghRMXqUF3meRUcxieYlr3B0G254 HTTP/1.1" 302 52 "-" "Mozilla/5.0 (X11; Linux x86_64) AppleWebKit/537.36 (KHTML, like Gecko) Chrome/68.0.3440.106 Safari/537.36"
::1 - - [03/Sep/2018:06:08:02 +0000] "GET /api HTTP/1.1" 304 - "-" "Mozilla/5.0 (X11; Linux x86_64) AppleWebKit/537.36 (KHTML, like Gecko) Chrome/68.0.3440.106 Safari/537.36"
::1 - - [03/Sep/2018:06:09:55 +0000] "GET /api/auth/google HTTP/1.1" 302 0 "-" "Mozilla/5.0 (X11; Linux x86_64) AppleWebKit/537.36 (KHTML, like Gecko) Chrome/68.0.3440.106 Safari/537.36"
::1 - - [03/Sep/2018:06:10:55 +0000] "GET /api/auth/google/login/callback?code=4/TwCh9JYRrZTVM3LeXvvTb71GceCnFO98oCYiMiLTDFwtJAQoe39EBD6VEll8ZiBOwLkWq6Dw1trQEvP2cvgALtI HTTP/1.1" 500 96 "-" "Mozilla/5.0 (X11; Linux x86_64) AppleWebKit/537.36 (KHTML, like Gecko) Chrome/68.0.3440.106 Safari/537.36"
::1 - - [03/Sep/2018:06:13:12 +0000] "GET /api/auth/google HTTP/1.1" 302 0 "-" "Mozilla/5.0 (X11; Linux x86_64) AppleWebKit/537.36 (KHTML, like Gecko) Chrome/68.0.3440.106 Safari/537.36"
::1 - - [03/Sep/2018:06:13:29 +0000] "GET /api/auth/google/login/callback?code=4/TwDgnSf4GvYOUIJrlqwaZZ2bzv-vtE3oCHqOGu6H7jaSYEoM4Wxg5yzCPYbAWzT9235OKTBzGM1KOHBn3QiTpt0 HTTP/1.1" 302 52 "-" "Mozilla/5.0 (X11; Linux x86_64) AppleWebKit/537.36 (KHTML, like Gecko) Chrome/68.0.3440.106 Safari/537.36"
::1 - - [03/Sep/2018:06:13:29 +0000] "GET /api HTTP/1.1" 304 - "-" "Mozilla/5.0 (X11; Linux x86_64) AppleWebKit/537.36 (KHTML, like Gecko) Chrome/68.0.3440.106 Safari/537.36"
::1 - - [03/Sep/2018:06:21:59 +0000] "GET /api/auth/google HTTP/1.1" 302 0 "-" "Mozilla/5.0 (X11; Linux x86_64) AppleWebKit/537.36 (KHTML, like Gecko) Chrome/68.0.3440.106 Safari/537.36"
::1 - - [03/Sep/2018:06:22:05 +0000] "GET /api/auth/google/login/callback?code=4/TwABOwk2eseF1-Rw8NI7kMQgltFG6r3zY-VBZI2mfMHBrM7q45DvuDUt9PlrzjlSOVyabbk0nTX_vKaQUpVcHTg HTTP/1.1" 302 52 "-" "Mozilla/5.0 (X11; Linux x86_64) AppleWebKit/537.36 (KHTML, like Gecko) Chrome/68.0.3440.106 Safari/537.36"
::1 - - [03/Sep/2018:06:22:05 +0000] "GET /api HTTP/1.1" 304 - "-" "Mozilla/5.0 (X11; Linux x86_64) AppleWebKit/537.36 (KHTML, like Gecko) Chrome/68.0.3440.106 Safari/537.36"
::1 - - [03/Sep/2018:06:31:55 +0000] "GET /api/auth/google HTTP/1.1" 302 0 "-" "Mozilla/5.0 (X11; Linux x86_64) AppleWebKit/537.36 (KHTML, like Gecko) Chrome/68.0.3440.106 Safari/537.36"
::1 - - [03/Sep/2018:06:32:06 +0000] "GET /api/auth/google/login/callback?code=4/TwCyXHGHeCfafRijaTHLJNnfgn1HFSPpj1_hnzissa3U2YAiWUTJWo9DxUP2_6zoPKzzwUcsR0qmMkrBRpKxguM HTTP/1.1" 302 52 "-" "Mozilla/5.0 (X11; Linux x86_64) AppleWebKit/537.36 (KHTML, like Gecko) Chrome/68.0.3440.106 Safari/537.36"
::1 - - [03/Sep/2018:06:32:06 +0000] "GET /api HTTP/1.1" 304 - "-" "Mozilla/5.0 (X11; Linux x86_64) AppleWebKit/537.36 (KHTML, like Gecko) Chrome/68.0.3440.106 Safari/537.36"
::1 - - [03/Sep/2018:06:35:21 +0000] "GET /api/auth/google HTTP/1.1" 302 0 "-" "Mozilla/5.0 (X11; Linux x86_64) AppleWebKit/537.36 (KHTML, like Gecko) Chrome/68.0.3440.106 Safari/537.36"
::1 - - [03/Sep/2018:06:40:24 +0000] "GET /api/auth/google HTTP/1.1" 302 0 "-" "Mozilla/5.0 (X11; Linux x86_64) AppleWebKit/537.36 (KHTML, like Gecko) Chrome/68.0.3440.106 Safari/537.36"
::1 - - [03/Sep/2018:06:40:40 +0000] "GET /api/auth/google/login/callback?code=4/TwCwFiZcJD1sdfhtUxnOyqDdgdzk2MZ_VRUQUQxeDFAtghJu3RtGOiFkpqQEUgJUXBFnUMSPOWvQGINmmziyYI4 HTTP/1.1" 302 60 "-" "Mozilla/5.0 (X11; Linux x86_64) AppleWebKit/537.36 (KHTML, like Gecko) Chrome/68.0.3440.106 Safari/537.36"
::1 - - [03/Sep/2018:06:40:40 +0000] "GET /profile HTTP/1.1" 404 105 "-" "Mozilla/5.0 (X11; Linux x86_64) AppleWebKit/537.36 (KHTML, like Gecko) Chrome/68.0.3440.106 Safari/537.36"
::1 - - [03/Sep/2018:06:42:39 +0000] "GET /api/profile HTTP/1.1" 200 17 "-" "Mozilla/5.0 (X11; Linux x86_64) AppleWebKit/537.36 (KHTML, like Gecko) Chrome/68.0.3440.106 Safari/537.36"
